{"C:\\Users\\airyt\\Node.js-for-beginners\\node_bird\\config\\config.js": {"path":"C:\\Users\\airyt\\Node.js-for-beginners\\node_bird\\config\\config.js","statementMap":{"0":{"start":{"line":1,"column":0},"end":{"line":1,"column":27}},"1":{"start":{"line":3,"column":0},"end":{"line":25,"column":2}}},"fnMap":{},"branchMap":{"0":{"loc":{"start":{"line":5,"column":14},"end":{"line":5,"column":47}},"type":"binary-expr","locations":[{"start":{"line":5,"column":14},"end":{"line":5,"column":37}},{"start":{"line":5,"column":41},"end":{"line":5,"column":47}}],"line":5},"1":{"loc":{"start":{"line":6,"column":14},"end":{"line":6,"column":49}},"type":"binary-expr","locations":[{"start":{"line":6,"column":14},"end":{"line":6,"column":41}},{"start":{"line":6,"column":45},"end":{"line":6,"column":49}}],"line":6},"2":{"loc":{"start":{"line":7,"column":14},"end":{"line":7,"column":63}},"type":"binary-expr","locations":[{"start":{"line":7,"column":14},"end":{"line":7,"column":37}},{"start":{"line":7,"column":41},"end":{"line":7,"column":63}}],"line":7},"3":{"loc":{"start":{"line":8,"column":10},"end":{"line":8,"column":44}},"type":"binary-expr","locations":[{"start":{"line":8,"column":10},"end":{"line":8,"column":29}},{"start":{"line":8,"column":33},"end":{"line":8,"column":44}}],"line":8},"4":{"loc":{"start":{"line":12,"column":14},"end":{"line":12,"column":48}},"type":"binary-expr","locations":[{"start":{"line":12,"column":14},"end":{"line":12,"column":38}},{"start":{"line":12,"column":42},"end":{"line":12,"column":48}}],"line":12},"5":{"loc":{"start":{"line":13,"column":14},"end":{"line":13,"column":50}},"type":"binary-expr","locations":[{"start":{"line":13,"column":14},"end":{"line":13,"column":42}},{"start":{"line":13,"column":46},"end":{"line":13,"column":50}}],"line":13},"6":{"loc":{"start":{"line":14,"column":14},"end":{"line":14,"column":57}},"type":"binary-expr","locations":[{"start":{"line":14,"column":14},"end":{"line":14,"column":38}},{"start":{"line":14,"column":42},"end":{"line":14,"column":57}}],"line":14},"7":{"loc":{"start":{"line":15,"column":10},"end":{"line":15,"column":49}},"type":"binary-expr","locations":[{"start":{"line":15,"column":10},"end":{"line":15,"column":34}},{"start":{"line":15,"column":38},"end":{"line":15,"column":49}}],"line":15},"8":{"loc":{"start":{"line":19,"column":14},"end":{"line":19,"column":48}},"type":"binary-expr","locations":[{"start":{"line":19,"column":14},"end":{"line":19,"column":38}},{"start":{"line":19,"column":42},"end":{"line":19,"column":48}}],"line":19},"9":{"loc":{"start":{"line":20,"column":14},"end":{"line":20,"column":50}},"type":"binary-expr","locations":[{"start":{"line":20,"column":14},"end":{"line":20,"column":42}},{"start":{"line":20,"column":46},"end":{"line":20,"column":50}}],"line":20},"10":{"loc":{"start":{"line":21,"column":14},"end":{"line":21,"column":63}},"type":"binary-expr","locations":[{"start":{"line":21,"column":14},"end":{"line":21,"column":38}},{"start":{"line":21,"column":42},"end":{"line":21,"column":63}}],"line":21},"11":{"loc":{"start":{"line":22,"column":10},"end":{"line":22,"column":49}},"type":"binary-expr","locations":[{"start":{"line":22,"column":10},"end":{"line":22,"column":34}},{"start":{"line":22,"column":38},"end":{"line":22,"column":49}}],"line":22}},"s":{"0":1,"1":1},"f":{},"b":{"0":[1,0],"1":[1,0],"2":[1,0],"3":[1,1],"4":[1,0],"5":[1,0],"6":[1,0],"7":[1,0],"8":[1,0],"9":[1,0],"10":[1,0],"11":[1,0]},"_coverageSchema":"1a1c01bbd47fc00a2c39e90264f33305004495a9","hash":"d3fdaa903d7d48d6fc8d41b4539e99b2ff2b6fde"}
,"C:\\Users\\airyt\\Node.js-for-beginners\\node_bird\\controllers\\user.js": {"path":"C:\\Users\\airyt\\Node.js-for-beginners\\node_bird\\controllers\\user.js","statementMap":{"0":{"start":{"line":1,"column":13},"end":{"line":1,"column":38}},"1":{"start":{"line":2,"column":20},"end":{"line":2,"column":47}},"2":{"start":{"line":4,"column":0},"end":{"line":16,"column":2}},"3":{"start":{"line":5,"column":2},"end":{"line":15,"column":3}},"4":{"start":{"line":6,"column":19},"end":{"line":6,"column":73}},"5":{"start":{"line":7,"column":4},"end":{"line":11,"column":5}},"6":{"start":{"line":8,"column":6},"end":{"line":8,"column":26}},"7":{"start":{"line":9,"column":11},"end":{"line":11,"column":5}},"8":{"start":{"line":10,"column":6},"end":{"line":10,"column":38}},"9":{"start":{"line":13,"column":4},"end":{"line":13,"column":25}},"10":{"start":{"line":14,"column":4},"end":{"line":14,"column":16}}},"fnMap":{"0":{"name":"(anonymous_0)","decl":{"start":{"line":4,"column":17},"end":{"line":4,"column":18}},"loc":{"start":{"line":4,"column":43},"end":{"line":16,"column":1}},"line":4}},"branchMap":{"0":{"loc":{"start":{"line":7,"column":4},"end":{"line":11,"column":5}},"type":"if","locations":[{"start":{"line":7,"column":4},"end":{"line":11,"column":5}},{"start":{"line":9,"column":11},"end":{"line":11,"column":5}}],"line":7},"1":{"loc":{"start":{"line":9,"column":11},"end":{"line":11,"column":5}},"type":"if","locations":[{"start":{"line":9,"column":11},"end":{"line":11,"column":5}},{"start":{},"end":{}}],"line":9}},"s":{"0":1,"1":1,"2":1,"3":3,"4":3,"5":3,"6":1,"7":2,"8":1,"9":0,"10":0},"f":{"0":3},"b":{"0":[1,2],"1":[1,1]},"_coverageSchema":"1a1c01bbd47fc00a2c39e90264f33305004495a9","hash":"12c9d4459f3571edc06434647046c469d76c4366"}
,"C:\\Users\\airyt\\Node.js-for-beginners\\node_bird\\middlewares\\index.js": {"path":"C:\\Users\\airyt\\Node.js-for-beginners\\node_bird\\middlewares\\index.js","statementMap":{"0":{"start":{"line":1,"column":0},"end":{"line":8,"column":2}},"1":{"start":{"line":2,"column":2},"end":{"line":7,"column":3}},"2":{"start":{"line":4,"column":4},"end":{"line":4,"column":11}},"3":{"start":{"line":6,"column":4},"end":{"line":6,"column":35}},"4":{"start":{"line":10,"column":0},"end":{"line":17,"column":2}},"5":{"start":{"line":11,"column":2},"end":{"line":16,"column":3}},"6":{"start":{"line":12,"column":4},"end":{"line":12,"column":11}},"7":{"start":{"line":14,"column":20},"end":{"line":14,"column":53}},"8":{"start":{"line":15,"column":4},"end":{"line":15,"column":39}}},"fnMap":{"0":{"name":"(anonymous_0)","decl":{"start":{"line":1,"column":21},"end":{"line":1,"column":22}},"loc":{"start":{"line":1,"column":41},"end":{"line":8,"column":1}},"line":1},"1":{"name":"(anonymous_1)","decl":{"start":{"line":10,"column":24},"end":{"line":10,"column":25}},"loc":{"start":{"line":10,"column":44},"end":{"line":17,"column":1}},"line":10}},"branchMap":{"0":{"loc":{"start":{"line":2,"column":2},"end":{"line":7,"column":3}},"type":"if","locations":[{"start":{"line":2,"column":2},"end":{"line":7,"column":3}},{"start":{"line":5,"column":9},"end":{"line":7,"column":3}}],"line":2},"1":{"loc":{"start":{"line":11,"column":2},"end":{"line":16,"column":3}},"type":"if","locations":[{"start":{"line":11,"column":2},"end":{"line":16,"column":3}},{"start":{"line":13,"column":9},"end":{"line":16,"column":3}}],"line":11}},"s":{"0":1,"1":2,"2":1,"3":1,"4":1,"5":2,"6":1,"7":1,"8":1},"f":{"0":2,"1":2},"b":{"0":[1,1],"1":[1,1]},"_coverageSchema":"1a1c01bbd47fc00a2c39e90264f33305004495a9","hash":"1cb44b9b51ec71bc3683fd5925700690e18b674c"}
,"C:\\Users\\airyt\\Node.js-for-beginners\\node_bird\\models\\user.js": {"path":"C:\\Users\\airyt\\Node.js-for-beginners\\node_bird\\models\\user.js","statementMap":{"0":{"start":{"line":1,"column":18},"end":{"line":1,"column":38}},"1":{"start":{"line":5,"column":4},"end":{"line":37,"column":7}},"2":{"start":{"line":41,"column":4},"end":{"line":41,"column":29}},"3":{"start":{"line":42,"column":4},"end":{"line":46,"column":7}},"4":{"start":{"line":47,"column":4},"end":{"line":51,"column":7}},"5":{"start":{"line":55,"column":0},"end":{"line":55,"column":22}}},"fnMap":{"0":{"name":"(anonymous_0)","decl":{"start":{"line":4,"column":2},"end":{"line":4,"column":3}},"loc":{"start":{"line":4,"column":29},"end":{"line":38,"column":3}},"line":4},"1":{"name":"(anonymous_1)","decl":{"start":{"line":40,"column":2},"end":{"line":40,"column":3}},"loc":{"start":{"line":40,"column":23},"end":{"line":52,"column":3}},"line":40}},"branchMap":{},"s":{"0":3,"1":1,"2":1,"3":1,"4":1,"5":3},"f":{"0":1,"1":1},"b":{},"_coverageSchema":"1a1c01bbd47fc00a2c39e90264f33305004495a9","hash":"c0b7ff427b68994acce531e3a6b5cb3298292fb7"}
,"C:\\Users\\airyt\\Node.js-for-beginners\\node_bird\\services\\user.js": {"path":"C:\\Users\\airyt\\Node.js-for-beginners\\node_bird\\services\\user.js","statementMap":{"0":{"start":{"line":1,"column":13},"end":{"line":1,"column":38}},"1":{"start":{"line":3,"column":0},"end":{"line":15,"column":2}},"2":{"start":{"line":4,"column":2},"end":{"line":14,"column":3}},"3":{"start":{"line":5,"column":17},"end":{"line":5,"column":62}},"4":{"start":{"line":6,"column":4},"end":{"line":11,"column":5}},"5":{"start":{"line":7,"column":6},"end":{"line":7,"column":57}},"6":{"start":{"line":8,"column":6},"end":{"line":8,"column":18}},"7":{"start":{"line":10,"column":6},"end":{"line":10,"column":23}},"8":{"start":{"line":13,"column":4},"end":{"line":13,"column":17}}},"fnMap":{"0":{"name":"(anonymous_0)","decl":{"start":{"line":3,"column":17},"end":{"line":3,"column":18}},"loc":{"start":{"line":3,"column":48},"end":{"line":15,"column":1}},"line":3}},"branchMap":{"0":{"loc":{"start":{"line":6,"column":4},"end":{"line":11,"column":5}},"type":"if","locations":[{"start":{"line":6,"column":4},"end":{"line":11,"column":5}},{"start":{"line":9,"column":11},"end":{"line":11,"column":5}}],"line":6}},"s":{"0":2,"1":2,"2":6,"3":6,"4":4,"5":2,"6":2,"7":2,"8":2},"f":{"0":6},"b":{"0":[2,2]},"_coverageSchema":"1a1c01bbd47fc00a2c39e90264f33305004495a9","hash":"56233d4d9dbd9131551392027694e71004700d50"}
}
