TN:
SF:config\config.js
FNF:0
FNH:0
DA:1,1
DA:3,1
LF:2
LH:2
BRDA:5,0,0,1
BRDA:5,0,1,0
BRDA:6,1,0,1
BRDA:6,1,1,0
BRDA:7,2,0,1
BRDA:7,2,1,0
BRDA:8,3,0,1
BRDA:8,3,1,1
BRDA:12,4,0,1
BRDA:12,4,1,0
BRDA:13,5,0,1
BRDA:13,5,1,0
BRDA:14,6,0,1
BRDA:14,6,1,0
BRDA:15,7,0,1
BRDA:15,7,1,0
BRDA:19,8,0,1
BRDA:19,8,1,0
BRDA:20,9,0,1
BRDA:20,9,1,0
BRDA:21,10,0,1
BRDA:21,10,1,0
BRDA:22,11,0,1
BRDA:22,11,1,0
BRF:24
BRH:13
end_of_record
TN:
SF:controllers\user.js
FN:4,(anonymous_0)
FNF:1
FNH:1
FNDA:3,(anonymous_0)
DA:1,1
DA:2,1
DA:4,1
DA:5,3
DA:6,3
DA:7,3
DA:8,1
DA:9,2
DA:10,1
DA:13,0
DA:14,0
LF:11
LH:9
BRDA:7,0,0,1
BRDA:7,0,1,2
BRDA:9,1,0,1
BRDA:9,1,1,1
BRF:4
BRH:4
end_of_record
TN:
SF:middlewares\index.js
FN:1,(anonymous_0)
FN:10,(anonymous_1)
FNF:2
FNH:2
FNDA:2,(anonymous_0)
FNDA:2,(anonymous_1)
DA:1,1
DA:2,2
DA:4,1
DA:6,1
DA:10,1
DA:11,2
DA:12,1
DA:14,1
DA:15,1
LF:9
LH:9
BRDA:2,0,0,1
BRDA:2,0,1,1
BRDA:11,1,0,1
BRDA:11,1,1,1
BRF:4
BRH:4
end_of_record
TN:
SF:models\user.js
FN:4,(anonymous_0)
FN:40,(anonymous_1)
FNF:2
FNH:2
FNDA:1,(anonymous_0)
FNDA:1,(anonymous_1)
DA:1,3
DA:5,1
DA:41,1
DA:42,1
DA:47,1
DA:55,3
LF:6
LH:6
BRF:0
BRH:0
end_of_record
TN:
SF:services\user.js
FN:3,(anonymous_0)
FNF:1
FNH:1
FNDA:6,(anonymous_0)
DA:1,2
DA:3,2
DA:4,6
DA:5,6
DA:6,4
DA:7,2
DA:8,2
DA:10,2
DA:13,2
LF:9
LH:9
BRDA:6,0,0,2
BRDA:6,0,1,2
BRF:2
BRH:2
end_of_record
