<?xml version="1.0" encoding="UTF-8"?>
<coverage generated="1740012209417" clover="3.2.0">
  <project timestamp="1740012209417" name="All files">
    <metrics statements="37" coveredstatements="35" conditionals="34" coveredconditionals="23" methods="6" coveredmethods="6" elements="77" coveredelements="64" complexity="0" loc="37" ncloc="37" packages="5" files="5" classes="5"/>
    <package name="config">
      <metrics statements="2" coveredstatements="2" conditionals="24" coveredconditionals="13" methods="0" coveredmethods="0"/>
      <file name="config.js" path="C:\Users\airyt\Node.js-for-beginners\node_bird\config\config.js">
        <metrics statements="2" coveredstatements="2" conditionals="24" coveredconditionals="13" methods="0" coveredmethods="0"/>
        <line num="1" count="1" type="stmt"/>
        <line num="3" count="1" type="stmt"/>
      </file>
    </package>
    <package name="controllers">
      <metrics statements="11" coveredstatements="9" conditionals="4" coveredconditionals="4" methods="1" coveredmethods="1"/>
      <file name="user.js" path="C:\Users\airyt\Node.js-for-beginners\node_bird\controllers\user.js">
        <metrics statements="11" coveredstatements="9" conditionals="4" coveredconditionals="4" methods="1" coveredmethods="1"/>
        <line num="1" count="1" type="stmt"/>
        <line num="2" count="1" type="stmt"/>
        <line num="4" count="1" type="stmt"/>
        <line num="5" count="3" type="stmt"/>
        <line num="6" count="3" type="stmt"/>
        <line num="7" count="3" type="cond" truecount="2" falsecount="0"/>
        <line num="8" count="1" type="stmt"/>
        <line num="9" count="2" type="cond" truecount="2" falsecount="0"/>
        <line num="10" count="1" type="stmt"/>
        <line num="13" count="0" type="stmt"/>
        <line num="14" count="0" type="stmt"/>
      </file>
    </package>
    <package name="middlewares">
      <metrics statements="9" coveredstatements="9" conditionals="4" coveredconditionals="4" methods="2" coveredmethods="2"/>
      <file name="index.js" path="C:\Users\airyt\Node.js-for-beginners\node_bird\middlewares\index.js">
        <metrics statements="9" coveredstatements="9" conditionals="4" coveredconditionals="4" methods="2" coveredmethods="2"/>
        <line num="1" count="1" type="stmt"/>
        <line num="2" count="2" type="cond" truecount="2" falsecount="0"/>
        <line num="4" count="1" type="stmt"/>
        <line num="6" count="1" type="stmt"/>
        <line num="10" count="1" type="stmt"/>
        <line num="11" count="2" type="cond" truecount="2" falsecount="0"/>
        <line num="12" count="1" type="stmt"/>
        <line num="14" count="1" type="stmt"/>
        <line num="15" count="1" type="stmt"/>
      </file>
    </package>
    <package name="models">
      <metrics statements="6" coveredstatements="6" conditionals="0" coveredconditionals="0" methods="2" coveredmethods="2"/>
      <file name="user.js" path="C:\Users\airyt\Node.js-for-beginners\node_bird\models\user.js">
        <metrics statements="6" coveredstatements="6" conditionals="0" coveredconditionals="0" methods="2" coveredmethods="2"/>
        <line num="1" count="3" type="stmt"/>
        <line num="5" count="1" type="stmt"/>
        <line num="41" count="1" type="stmt"/>
        <line num="42" count="1" type="stmt"/>
        <line num="47" count="1" type="stmt"/>
        <line num="55" count="3" type="stmt"/>
      </file>
    </package>
    <package name="services">
      <metrics statements="9" coveredstatements="9" conditionals="2" coveredconditionals="2" methods="1" coveredmethods="1"/>
      <file name="user.js" path="C:\Users\airyt\Node.js-for-beginners\node_bird\services\user.js">
        <metrics statements="9" coveredstatements="9" conditionals="2" coveredconditionals="2" methods="1" coveredmethods="1"/>
        <line num="1" count="2" type="stmt"/>
        <line num="3" count="2" type="stmt"/>
        <line num="4" count="6" type="stmt"/>
        <line num="5" count="6" type="stmt"/>
        <line num="6" count="4" type="cond" truecount="2" falsecount="0"/>
        <line num="7" count="2" type="stmt"/>
        <line num="8" count="2" type="stmt"/>
        <line num="10" count="2" type="stmt"/>
        <line num="13" count="2" type="stmt"/>
      </file>
    </package>
  </project>
</coverage>
